<?xml version="1.0" encoding="UTF-8"?>
<testsuite xmlns:xsi="http://www.w3.org/2001/XMLSchema-instance" xsi:noNamespaceSchemaLocation="https://maven.apache.org/surefire/maven-surefire-plugin/xsd/surefire-test-report.xsd" name="com.medusa.AppTest" time="0.041" tests="1" errors="0" skipped="0" failures="0">
  <properties>
    <property name="java.specification.version" value="19"/>
    <property name="sun.cpu.isalist" value="amd64"/>
    <property name="sun.jnu.encoding" value="Cp1252"/>
    <property name="java.class.path" value="c:\Users\ADMIN\Desktop\File di lavoro\Medusa\medusa\target\test-classes;c:\Users\ADMIN\Desktop\File di lavoro\Medusa\medusa\target\classes;C:\Users\ADMIN\.m2\repository\junit\junit\4.11\junit-4.11.jar;C:\Users\ADMIN\.m2\repository\org\hamcrest\hamcrest-core\1.3\hamcrest-core-1.3.jar;C:\Users\ADMIN\.m2\repository\com\fasterxml\jackson\core\jackson-databind\2.13.3\jackson-databind-2.13.3.jar;C:\Users\ADMIN\.m2\repository\com\fasterxml\jackson\core\jackson-annotations\2.13.3\jackson-annotations-2.13.3.jar;C:\Users\ADMIN\.m2\repository\com\fasterxml\jackson\core\jackson-core\2.13.3\jackson-core-2.13.3.jar;C:\Users\ADMIN\.m2\repository\org\codehaus\jackson\jackson-mapper-asl\1.9.13\jackson-mapper-asl-1.9.13.jar;C:\Users\ADMIN\.m2\repository\org\codehaus\jackson\jackson-core-asl\1.9.13\jackson-core-asl-1.9.13.jar;C:\Users\ADMIN\.m2\repository\org\mvel\mvel2\2.4.14.Final\mvel2-2.4.14.Final.jar;C:\Users\ADMIN\.m2\repository\com\googlecode\plist\dd-plist\1.24\dd-plist-1.24.jar;C:\Users\ADMIN\.m2\repository\com\cedarsoftware\java-util\1.8.0\java-util-1.8.0.jar;C:\Users\ADMIN\.m2\repository\commons-logging\commons-logging\1.1.1\commons-logging-1.1.1.jar;C:\Users\ADMIN\.m2\repository\com\cedarsoftware\json-io\2.4.1\json-io-2.4.1.jar;C:\Users\ADMIN\.m2\repository\org\slf4j\slf4j-reload4j\1.7.36\slf4j-reload4j-1.7.36.jar;C:\Users\ADMIN\.m2\repository\org\slf4j\slf4j-api\1.7.36\slf4j-api-1.7.36.jar;C:\Users\ADMIN\.m2\repository\ch\qos\reload4j\reload4j\1.2.19\reload4j-1.2.19.jar;C:\Users\ADMIN\.m2\repository\org\drools\drools-compiler\7.73.0.Final\drools-compiler-7.73.0.Final.jar;C:\Users\ADMIN\.m2\repository\org\drools\drools-core-reflective\7.73.0.Final\drools-core-reflective-7.73.0.Final.jar;C:\Users\ADMIN\.m2\repository\org\kie\kie-memory-compiler\7.73.0.Final\kie-memory-compiler-7.73.0.Final.jar;C:\Users\ADMIN\.m2\repository\org\drools\drools-ecj\7.73.0.Final\drools-ecj-7.73.0.Final.jar;C:\Users\ADMIN\.m2\repository\org\kie\kie-internal\7.73.0.Final\kie-internal-7.73.0.Final.jar;C:\Users\ADMIN\.m2\repository\org\kie\soup\kie-soup-maven-support\7.73.0.Final\kie-soup-maven-support-7.73.0.Final.jar;C:\Users\ADMIN\.m2\repository\org\antlr\antlr-runtime\3.5.2\antlr-runtime-3.5.2.jar;C:\Users\ADMIN\.m2\repository\com\thoughtworks\xstream\xstream\1.4.19\xstream-1.4.19.jar;C:\Users\ADMIN\.m2\repository\io\github\x-stream\mxparser\1.2.2\mxparser-1.2.2.jar;C:\Users\ADMIN\.m2\repository\xmlpull\xmlpull\1.1.3.1\xmlpull-1.1.3.1.jar;C:\Users\ADMIN\.m2\repository\org\kie\kie-api\7.73.0.Final\kie-api-7.73.0.Final.jar;C:\Users\ADMIN\.m2\repository\org\drools\drools-decisiontables\7.73.0.Final\drools-decisiontables-7.73.0.Final.jar;C:\Users\ADMIN\.m2\repository\org\drools\drools-templates\7.73.0.Final\drools-templates-7.73.0.Final.jar;C:\Users\ADMIN\.m2\repository\org\drools\drools-mvel\7.73.0.Final\drools-mvel-7.73.0.Final.jar;C:\Users\ADMIN\.m2\repository\org\kie\soup\kie-soup-project-datamodel-commons\7.73.0.Final\kie-soup-project-datamodel-commons-7.73.0.Final.jar;C:\Users\ADMIN\.m2\repository\org\kie\soup\kie-soup-commons\7.73.0.Final\kie-soup-commons-7.73.0.Final.jar;C:\Users\ADMIN\.m2\repository\org\kie\soup\kie-soup-project-datamodel-api\7.73.0.Final\kie-soup-project-datamodel-api-7.73.0.Final.jar;C:\Users\ADMIN\.m2\repository\org\apache\poi\poi-ooxml\4.1.2\poi-ooxml-4.1.2.jar;C:\Users\ADMIN\.m2\repository\org\apache\poi\poi-ooxml-schemas\4.1.2\poi-ooxml-schemas-4.1.2.jar;C:\Users\ADMIN\.m2\repository\org\apache\xmlbeans\xmlbeans\3.1.0\xmlbeans-3.1.0.jar;C:\Users\ADMIN\.m2\repository\org\apache\commons\commons-compress\1.19\commons-compress-1.19.jar;C:\Users\ADMIN\.m2\repository\com\github\virtuald\curvesapi\1.06\curvesapi-1.06.jar;C:\Users\ADMIN\.m2\repository\org\apache\poi\poi\4.1.2\poi-4.1.2.jar;C:\Users\ADMIN\.m2\repository\org\apache\commons\commons-collections4\4.4\commons-collections4-4.4.jar;C:\Users\ADMIN\.m2\repository\org\apache\commons\commons-math3\3.6.1\commons-math3-3.6.1.jar;C:\Users\ADMIN\.m2\repository\com\zaxxer\SparseBitSet\1.2\SparseBitSet-1.2.jar;C:\Users\ADMIN\.m2\repository\org\drools\drools-core\7.73.0.Final\drools-core-7.73.0.Final.jar;C:\Users\ADMIN\.m2\repository\org\kie\soup\kie-soup-xstream\7.73.0.Final\kie-soup-xstream-7.73.0.Final.jar;C:\Users\ADMIN\.m2\repository\org\drools\drools-core-dynamic\7.73.0.Final\drools-core-dynamic-7.73.0.Final.jar;C:\Users\ADMIN\.m2\repository\commons-io\commons-io\2.11.0\commons-io-2.11.0.jar;C:\Users\ADMIN\.m2\repository\com\googlecode\json-simple\json-simple\1.1.1\json-simple-1.1.1.jar;C:\Users\ADMIN\.m2\repository\commons-codec\commons-codec\1.15\commons-codec-1.15.jar;"/>
    <property name="java.vm.vendor" value="Oracle Corporation"/>
    <property name="sun.arch.data.model" value="64"/>
    <property name="user.variant" value=""/>
    <property name="java.vendor.url" value="https://java.oracle.com/"/>
    <property name="user.timezone" value="Europe/Rome"/>
    <property name="os.name" value="Windows 10"/>
    <property name="java.vm.specification.version" value="19"/>
    <property name="sun.java.launcher" value="SUN_STANDARD"/>
    <property name="user.country" value="IT"/>
    <property name="sun.boot.library.path" value="C:\Program Files\Java\jdk-19\bin"/>
    <property name="sun.java.command" value="C:\Users\ADMIN\AppData\Local\Temp\surefire8143215033392871497\surefirebooter751473197250728219.jar C:\Users\ADMIN\AppData\Local\Temp\surefire8143215033392871497 2022-11-09T23-35-06_763-jvmRun1 surefire8335764655788343304tmp surefire_013161002224907163733tmp"/>
    <property name="jdk.debug" value="release"/>
    <property name="surefire.test.class.path" value="c:\Users\ADMIN\Desktop\File di lavoro\Medusa\medusa\target\test-classes;c:\Users\ADMIN\Desktop\File di lavoro\Medusa\medusa\target\classes;C:\Users\ADMIN\.m2\repository\junit\junit\4.11\junit-4.11.jar;C:\Users\ADMIN\.m2\repository\org\hamcrest\hamcrest-core\1.3\hamcrest-core-1.3.jar;C:\Users\ADMIN\.m2\repository\com\fasterxml\jackson\core\jackson-databind\2.13.3\jackson-databind-2.13.3.jar;C:\Users\ADMIN\.m2\repository\com\fasterxml\jackson\core\jackson-annotations\2.13.3\jackson-annotations-2.13.3.jar;C:\Users\ADMIN\.m2\repository\com\fasterxml\jackson\core\jackson-core\2.13.3\jackson-core-2.13.3.jar;C:\Users\ADMIN\.m2\repository\org\codehaus\jackson\jackson-mapper-asl\1.9.13\jackson-mapper-asl-1.9.13.jar;C:\Users\ADMIN\.m2\repository\org\codehaus\jackson\jackson-core-asl\1.9.13\jackson-core-asl-1.9.13.jar;C:\Users\ADMIN\.m2\repository\org\mvel\mvel2\2.4.14.Final\mvel2-2.4.14.Final.jar;C:\Users\ADMIN\.m2\repository\com\googlecode\plist\dd-plist\1.24\dd-plist-1.24.jar;C:\Users\ADMIN\.m2\repository\com\cedarsoftware\java-util\1.8.0\java-util-1.8.0.jar;C:\Users\ADMIN\.m2\repository\commons-logging\commons-logging\1.1.1\commons-logging-1.1.1.jar;C:\Users\ADMIN\.m2\repository\com\cedarsoftware\json-io\2.4.1\json-io-2.4.1.jar;C:\Users\ADMIN\.m2\repository\org\slf4j\slf4j-reload4j\1.7.36\slf4j-reload4j-1.7.36.jar;C:\Users\ADMIN\.m2\repository\org\slf4j\slf4j-api\1.7.36\slf4j-api-1.7.36.jar;C:\Users\ADMIN\.m2\repository\ch\qos\reload4j\reload4j\1.2.19\reload4j-1.2.19.jar;C:\Users\ADMIN\.m2\repository\org\drools\drools-compiler\7.73.0.Final\drools-compiler-7.73.0.Final.jar;C:\Users\ADMIN\.m2\repository\org\drools\drools-core-reflective\7.73.0.Final\drools-core-reflective-7.73.0.Final.jar;C:\Users\ADMIN\.m2\repository\org\kie\kie-memory-compiler\7.73.0.Final\kie-memory-compiler-7.73.0.Final.jar;C:\Users\ADMIN\.m2\repository\org\drools\drools-ecj\7.73.0.Final\drools-ecj-7.73.0.Final.jar;C:\Users\ADMIN\.m2\repository\org\kie\kie-internal\7.73.0.Final\kie-internal-7.73.0.Final.jar;C:\Users\ADMIN\.m2\repository\org\kie\soup\kie-soup-maven-support\7.73.0.Final\kie-soup-maven-support-7.73.0.Final.jar;C:\Users\ADMIN\.m2\repository\org\antlr\antlr-runtime\3.5.2\antlr-runtime-3.5.2.jar;C:\Users\ADMIN\.m2\repository\com\thoughtworks\xstream\xstream\1.4.19\xstream-1.4.19.jar;C:\Users\ADMIN\.m2\repository\io\github\x-stream\mxparser\1.2.2\mxparser-1.2.2.jar;C:\Users\ADMIN\.m2\repository\xmlpull\xmlpull\1.1.3.1\xmlpull-1.1.3.1.jar;C:\Users\ADMIN\.m2\repository\org\kie\kie-api\7.73.0.Final\kie-api-7.73.0.Final.jar;C:\Users\ADMIN\.m2\repository\org\drools\drools-decisiontables\7.73.0.Final\drools-decisiontables-7.73.0.Final.jar;C:\Users\ADMIN\.m2\repository\org\drools\drools-templates\7.73.0.Final\drools-templates-7.73.0.Final.jar;C:\Users\ADMIN\.m2\repository\org\drools\drools-mvel\7.73.0.Final\drools-mvel-7.73.0.Final.jar;C:\Users\ADMIN\.m2\repository\org\kie\soup\kie-soup-project-datamodel-commons\7.73.0.Final\kie-soup-project-datamodel-commons-7.73.0.Final.jar;C:\Users\ADMIN\.m2\repository\org\kie\soup\kie-soup-commons\7.73.0.Final\kie-soup-commons-7.73.0.Final.jar;C:\Users\ADMIN\.m2\repository\org\kie\soup\kie-soup-project-datamodel-api\7.73.0.Final\kie-soup-project-datamodel-api-7.73.0.Final.jar;C:\Users\ADMIN\.m2\repository\org\apache\poi\poi-ooxml\4.1.2\poi-ooxml-4.1.2.jar;C:\Users\ADMIN\.m2\repository\org\apache\poi\poi-ooxml-schemas\4.1.2\poi-ooxml-schemas-4.1.2.jar;C:\Users\ADMIN\.m2\repository\org\apache\xmlbeans\xmlbeans\3.1.0\xmlbeans-3.1.0.jar;C:\Users\ADMIN\.m2\repository\org\apache\commons\commons-compress\1.19\commons-compress-1.19.jar;C:\Users\ADMIN\.m2\repository\com\github\virtuald\curvesapi\1.06\curvesapi-1.06.jar;C:\Users\ADMIN\.m2\repository\org\apache\poi\poi\4.1.2\poi-4.1.2.jar;C:\Users\ADMIN\.m2\repository\org\apache\commons\commons-collections4\4.4\commons-collections4-4.4.jar;C:\Users\ADMIN\.m2\repository\org\apache\commons\commons-math3\3.6.1\commons-math3-3.6.1.jar;C:\Users\ADMIN\.m2\repository\com\zaxxer\SparseBitSet\1.2\SparseBitSet-1.2.jar;C:\Users\ADMIN\.m2\repository\org\drools\drools-core\7.73.0.Final\drools-core-7.73.0.Final.jar;C:\Users\ADMIN\.m2\repository\org\kie\soup\kie-soup-xstream\7.73.0.Final\kie-soup-xstream-7.73.0.Final.jar;C:\Users\ADMIN\.m2\repository\org\drools\drools-core-dynamic\7.73.0.Final\drools-core-dynamic-7.73.0.Final.jar;C:\Users\ADMIN\.m2\repository\commons-io\commons-io\2.11.0\commons-io-2.11.0.jar;C:\Users\ADMIN\.m2\repository\com\googlecode\json-simple\json-simple\1.1.1\json-simple-1.1.1.jar;C:\Users\ADMIN\.m2\repository\commons-codec\commons-codec\1.15\commons-codec-1.15.jar;"/>
    <property name="sun.cpu.endian" value="little"/>
    <property name="user.home" value="C:\Users\ADMIN"/>
    <property name="user.language" value="it"/>
    <property name="java.specification.vendor" value="Oracle Corporation"/>
    <property name="java.version.date" value="2022-10-18"/>
    <property name="java.home" value="C:\Program Files\Java\jdk-19"/>
    <property name="file.separator" value="\"/>
    <property name="basedir" value="c:\Users\ADMIN\Desktop\File di lavoro\Medusa\medusa"/>
    <property name="java.vm.compressedOopsMode" value="Zero based"/>
    <property name="line.separator" value="&#10;"/>
    <property name="java.vm.specification.vendor" value="Oracle Corporation"/>
    <property name="java.specification.name" value="Java Platform API Specification"/>
    <property name="surefire.real.class.path" value="C:\Users\ADMIN\AppData\Local\Temp\surefire8143215033392871497\surefirebooter751473197250728219.jar"/>
    <property name="user.script" value=""/>
    <property name="sun.management.compiler" value="HotSpot 64-Bit Tiered Compilers"/>
    <property name="java.runtime.version" value="19.0.1+10-21"/>
    <property name="user.name" value="ADMIN"/>
    <property name="stdout.encoding" value="Cp1252"/>
    <property name="path.separator" value=";"/>
    <property name="os.version" value="10.0"/>
    <property name="java.runtime.name" value="Java(TM) SE Runtime Environment"/>
    <property name="file.encoding" value="UTF-8"/>
    <property name="java.vm.name" value="Java HotSpot(TM) 64-Bit Server VM"/>
    <property name="localRepository" value="C:\Users\ADMIN\.m2\repository"/>
    <property name="java.vendor.url.bug" value="https://bugreport.java.com/bugreport/"/>
    <property name="java.io.tmpdir" value="C:\Users\ADMIN\AppData\Local\Temp\"/>
    <property name="java.version" value="19.0.1"/>
    <property name="user.dir" value="c:\Users\ADMIN\Desktop\File di lavoro\Medusa\medusa"/>
    <property name="os.arch" value="amd64"/>
    <property name="java.vm.specification.name" value="Java Virtual Machine Specification"/>
    <property name="sun.os.patch.level" value=""/>
    <property name="native.encoding" value="Cp1252"/>
    <property name="java.library.path" value="C:\Program Files\Java\jdk-19\bin;C:\WINDOWS\Sun\Java\bin;C:\WINDOWS\system32;C:\WINDOWS;C:\Users\ADMIN\bin;C:\Program Files\Git\mingw64\bin;C:\Program Files\Git\usr\local\bin;C:\Program Files\Git\usr\bin;C:\Program Files\Git\usr\bin;C:\Program Files\Git\mingw64\bin;C:\Program Files\Git\usr\bin;C:\Users\ADMIN\bin;C:\Program Files\Common Files\Oracle\Java\javapath\java.exe;C:\Windows\system32;C:\Windows;C:\Windows\System32\Wbem;C:\Windows\System32\WindowsPowerShell\v1.0;C:\Windows\System32\OpenSSH;C:\Program Files (x86)\NVIDIA Corporation\PhysX\Common;C:\Program Files\NVIDIA Corporation\NVIDIA NvDLISR;C:\WINDOWS\system32;C:\WINDOWS;C:\WINDOWS\System32\Wbem;C:\WINDOWS\System32\WindowsPowerShell\v1.0;C:\WINDOWS\System32\OpenSSH;C:\Program Files\dotnet;C:\Program Files\PuTTY;C:\Program Files (x86)\GnuPG\bin;C:\Program Files\Git\cmd;C:\Program Files\Java\jdk19;C:\Users\ADMIN\AppData\Local\Microsoft\WindowsApps;C:\Users\ADMIN\AppData\Local\Programs\Microsoft VS Code\bin;C:\Program Files\Git\usr\bin\vendor_perl;C:\Program Files\Git\usr\bin\core_perl;."/>
    <property name="java.vm.info" value="mixed mode, sharing"/>
    <property name="stderr.encoding" value="Cp1252"/>
    <property name="java.vendor" value="Oracle Corporation"/>
    <property name="java.vm.version" value="19.0.1+10-21"/>
    <property name="sun.io.unicode.encoding" value="UnicodeLittle"/>
    <property name="java.class.version" value="63.0"/>
  </properties>
  <testcase name="shouldAnswerWithTrue" classname="com.medusa.AppTest" time="0.003"/>
</testsuite>